[2024-02-23 13:26:49] local.INFO: Index demandes demande by Enzo  
[2024-02-23 13:51:09] local.INFO: Index user by Enzo  
[2024-02-23 13:56:35] local.INFO: Create Activite by Enzo  
[2024-02-23 13:56:59] local.INFO: Index Activite by Enzo  
[2024-02-23 13:57:37] local.INFO: Show Activite by Enzo  
[2024-02-23 13:58:42] local.INFO: Create Activite by Enzo  
[2024-02-23 13:59:26] local.INFO: Update Activite Activitée 2 by Enzo  
[2024-02-23 13:59:31] local.INFO: Index Activite by Enzo  
[2024-02-23 13:59:48] local.INFO: Update Activite Activitée 2 by Enzo  
[2024-02-23 13:59:50] local.INFO: Index Activite by Enzo  
[2024-02-23 14:02:28] local.INFO: Create Activite by Enzo  
[2024-02-23 14:02:35] local.INFO: Index Activite by Enzo  
[2024-02-23 14:04:09] local.INFO: Update Activite Activitée 2 by Enzo  
[2024-02-23 14:04:47] local.INFO: Show Activite by Enzo  
[2024-02-23 14:04:51] local.INFO: Show Activite by Enzo  
[2024-02-23 14:05:30] local.INFO: Index Activite by Enzo  
[2024-02-23 14:05:44] local.INFO: Destroy Activite by: Enzobut the Activite was not found  
[2024-02-23 14:05:50] local.INFO: Index Activite by Enzo  
[2024-02-23 14:37:05] local.INFO: Index Activite by Enzo  
[2024-02-23 14:38:39] local.INFO: Index activite participation by Enzo  
[2024-02-23 14:39:33] local.INFO: Show activite participation by Enzo  
[2024-02-23 14:39:41] local.INFO: Index activite participation by Enzo  
[2024-02-23 14:40:13] local.INFO: Index demandes demande by Enzo  
[2024-02-23 14:40:19] local.INFO: Destroy Activite by: Enzobut the Activite was not found  
[2024-02-23 14:40:46] local.INFO: Index activite participation by Enzo  
[2024-02-23 14:40:50] local.INFO: Delete activite participation 2 by Enzo  
[2024-02-23 14:40:53] local.INFO: Index activite participation by Enzo  
[2024-02-23 14:53:30] local.INFO: Index demandes demande by Enzo  
