[2024-02-22 09:10:00] local.INFO: Index evenement participation by Enzo  
[2024-02-22 09:10:39] local.INFO: Show evenement participation by Enzo  
[2024-02-22 09:23:28] local.INFO: Create evenement participation by Enzo  
[2024-02-22 09:23:36] local.INFO: Index evenement participation by Enzo  
[2024-02-22 09:24:03] local.INFO: Show evenement participation by: Enzo but the evenement participation was not found  
[2024-02-22 09:24:08] local.INFO: Index evenement participation by Enzo  
[2024-02-22 09:24:19] local.INFO: Index evenement participation by Enzo  
[2024-02-22 09:24:25] local.INFO: Show evenement participation by: Enzo but the evenement participation was not found  
[2024-02-22 09:24:34] local.INFO: Create evenement participation by Enzo  
[2024-02-22 09:24:37] local.INFO: Index evenement participation by Enzo  
[2024-02-22 09:24:49] local.INFO: Index evenement participation by Enzo  
[2024-02-22 09:26:03] local.INFO: Create evenement participation by Enzo  
[2024-02-22 09:26:11] local.INFO: Delete evenement participation 4 by Enzo  
[2024-02-22 10:12:54] local.INFO: Index demandes demande by Enzo  
[2024-02-22 10:13:15] local.INFO: Show demande demande by Enzo  
[2024-02-22 10:13:57] local.INFO: Index demandes demande by Enzo  
[2024-02-22 10:14:00] local.INFO: Delete demande demande 2 by Enzo  
[2024-02-22 10:14:02] local.INFO: Show demande demande by Enzo  
[2024-02-22 10:18:20] local.INFO: Show evenement participation by: Enzo but the evenement participation was not found  
[2024-02-22 10:19:02] local.INFO: Index evenement participation by Enzo  
[2024-02-22 11:58:00] local.INFO: Index demandes demande by Enzo  
