[2024-04-26 09:55:00] local.INFO: Index event by Enza  
[2024-04-26 09:55:18] local.INFO: Index event by Enza  
[2024-04-26 09:56:29] local.INFO: Index event by Enza  
[2024-04-26 09:56:53] local.INFO: Index event by Enza  
[2024-04-26 09:57:15] local.INFO: Index event by Enza  
[2024-04-26 09:57:18] local.INFO: Index event by Enza  
[2024-04-26 09:57:22] local.INFO: Index event by Enza  
[2024-04-26 09:58:53] local.INFO: Show event by: Enza but the event was not found  
[2024-04-26 09:58:56] local.INFO: Show event by Enza  
[2024-04-26 09:59:34] local.INFO: Show event by Enza  
[2024-04-26 10:00:50] local.INFO: Index Activite by Enza  
[2024-04-26 10:00:53] local.INFO: Show Activite by Enza  
[2024-04-26 10:03:28] local.INFO: Index Activite by Enza  
[2024-04-26 10:13:31] local.INFO: Index user by Enza  
[2024-04-26 10:13:53] local.INFO: Index user by Enza  
[2024-04-26 10:13:59] local.INFO: Update Activite Activitée 3 by Enza  
[2024-04-26 12:00:29] local.INFO: Create formation by Enza  
[2024-04-26 12:03:42] local.INFO: Index demandes demande by Enza  
[2024-04-26 12:03:45] local.INFO: Show demande demande by Enza  
[2024-04-26 12:06:02] local.INFO: Index event by Enza  
[2024-04-26 12:14:10] local.INFO: Delete demande demande 11 by Enza  
[2024-04-26 12:14:15] local.INFO: Index demandes demande by Enza  
[2024-04-26 12:54:30] local.INFO: Create Camion by Enza  
[2024-04-26 12:55:23] local.INFO: Create Camion by Enza  
[2024-04-26 12:55:37] local.INFO: Create Camion by Enza  
[2024-04-26 12:56:28] local.INFO: Index Camions by Enza  
[2024-04-26 12:56:30] local.INFO: Index Camions by Enza  
[2024-04-26 12:56:49] local.INFO: Show Camion by: Enza but the Camion was not found  
[2024-04-26 12:56:56] local.INFO: Show Camion by Enza  
[2024-04-26 12:57:21] local.INFO: Delete Camion 1234ABCD by Enza  
[2024-04-26 12:57:25] local.INFO: Index Camions by Enza  
[2024-04-26 12:57:31] local.INFO: Create Camion by Enza  
[2024-04-26 12:58:09] local.INFO: Update Camion by: Enza but the Camion was not found  
[2024-04-26 12:58:12] local.INFO: Update Camion 1234ABCD by Enza  
[2024-04-26 13:01:19] local.INFO: Index Camions by Enza  
[2024-04-26 13:01:41] local.INFO: Index Entrepots by Enza  
[2024-04-26 13:02:21] local.INFO: Show Entrepot by Enza  
[2024-04-26 13:02:24] local.INFO: Show Entrepot by Enza  
[2024-04-26 13:09:26] local.INFO: Update Entrepot Laon by Enza  
[2024-04-26 13:56:22] local.INFO: Index étagerès by Enza  
[2024-04-26 14:03:06] local.INFO: Index étagerès by Enza  
[2024-04-26 14:05:24] local.INFO: Index étagerès by Enza  
[2024-04-26 14:06:19] local.INFO: Index étagerès by Enza  
[2024-04-26 14:06:55] local.INFO: Show étagerè by Enza  
[2024-04-26 14:07:28] local.INFO: Index étagerès by Enza  
[2024-04-26 14:10:08] local.INFO: Delete étagère 2 by Enza  
[2024-04-26 14:21:48] local.INFO: Index étagerès by Enza  
[2024-04-26 14:22:54] local.INFO: Delete étagère 3 by Enza  
[2024-04-26 14:24:01] local.INFO: Delete étagère 4 by Enza  
[2024-04-26 14:35:17] local.INFO: Create produit by Enza  
[2024-04-26 14:37:31] local.INFO: Index produits by Enza  
[2024-04-26 14:38:35] local.INFO: Index produits by Enza  
[2024-04-26 14:38:36] local.INFO: Index produits by Enza  
[2024-04-26 14:39:00] local.INFO: Index produits by Enza  
[2024-04-26 14:39:49] local.INFO: Show produit by Enza  
[2024-04-26 14:40:12] local.INFO: Index produits by Enza  
[2024-04-26 14:41:02] local.INFO: Delete produit 1 by Enza  
[2024-04-26 14:41:21] local.INFO: Create produit by Enza  
[2024-04-26 14:43:15] local.INFO: Delete produit 2 by Enza  
[2024-04-26 14:43:31] local.INFO: Create produit by Enza  
[2024-04-26 14:44:54] local.INFO: Delete produit 3 by Enza  
[2024-04-26 14:45:48] local.INFO: Index produits by Enza  
[2024-04-26 14:46:12] local.INFO: Create produit by Enza  
[2024-04-26 14:46:32] local.INFO: Delete produit 4 by Enza  
[2024-04-26 14:59:27] local.INFO: Create produit by Enza  
[2024-04-26 14:59:58] local.INFO: Delete produit 6 by Enza  
[2024-04-26 15:10:59] local.INFO: Index commercants by Enza  
[2024-04-26 15:11:26] local.INFO: Show commercant by Enza  
[2024-04-26 15:12:03] local.INFO: Delete commercant by Enza  
[2024-04-26 15:12:39] local.INFO: Update commercant by Enza  
[2024-04-26 16:21:33] local.INFO: Index Activite by Enza  
