[2024-02-16 14:40:41] local.INFO: Show formation participation by: Enzobut the formation participation was not found  
[2024-02-16 14:50:22] local.INFO: Index Formation participation by Enzo  
[2024-02-16 14:54:56] local.INFO: Index Formation participation by Enzo  
[2024-02-16 14:55:19] local.INFO: Show formation participation by: Enzobut the formation participation was not found  
[2024-02-16 14:55:22] local.INFO: Show formation participation by Enzo  
[2024-02-16 14:55:52] local.INFO: Index Formation participation by Enzo  
[2024-02-16 14:56:03] local.INFO: Show formation participation by Enzo  
[2024-02-16 14:57:06] local.INFO: Show formation participation by Enzo  
[2024-02-16 15:33:03] local.INFO: Create formation participation by Enzo  
[2024-02-16 15:34:15] local.INFO: Create formation participation by Enzo  
[2024-02-16 15:35:28] local.INFO: Create formation participation by Enzo  
[2024-02-16 15:36:51] local.INFO: Create formation participation by Enzo  
[2024-02-16 15:37:16] local.INFO: Delete formation participation 1 by Enzo  
[2024-02-16 15:41:46] local.INFO: Create formation participation by Enzo  
[2024-02-16 15:43:21] local.INFO: Delete formation participation 7 by Enzo  
[2024-02-16 16:00:28] local.INFO: Index formation by Enzo  
[2024-02-16 16:01:25] local.INFO: Create formation by Enzo  
[2024-02-16 16:01:33] local.INFO: Index formation by Enzo  
[2024-02-16 16:06:45] local.INFO: Index formation by Enzo  
[2024-02-16 16:07:13] local.INFO: Index user by Enzo  
[2024-02-16 16:25:44] local.INFO: Index user by Enzo  
[2024-02-16 16:26:22] local.INFO: Index user by Enzo  
