[2024-04-29 08:41:20] local.INFO: Index user by Enza  
[2024-04-29 08:54:37] local.INFO: Admin with email epartelpro@gmail.com logged in successfully  
[2024-04-29 08:54:38] local.INFO: Index formation by Enza  
[2024-04-29 08:54:50] local.INFO: Index event by Enza  
[2024-04-29 08:54:56] local.INFO: Index mission participation by Enza  
[2024-04-29 08:54:57] local.INFO: Index event by Enza  
[2024-04-29 08:55:05] local.INFO: Index user by Enza  
[2024-04-29 08:55:13] local.INFO: Index user by Enza  
[2024-04-29 08:55:24] local.INFO: Index formation by Enza  
[2024-04-29 08:55:34] local.INFO: Index Entrepots by Enza  
[2024-04-29 08:55:34] local.INFO: Index Camions by Enza  
[2024-04-29 08:55:35] local.INFO: Index étagerès by Enza  
[2024-04-29 08:55:40] local.INFO: Show étagère by Enza  
[2024-04-29 08:55:41] local.INFO: Index produits by Enza  
[2024-04-29 08:55:44] local.INFO: Index produits by Enza  
[2024-04-29 08:55:45] local.INFO: Show étagère by Enza  
[2024-04-29 08:55:52] local.INFO: Show étagère by Enza  
[2024-04-29 08:55:52] local.INFO: Index produits by Enza  
[2024-04-29 08:55:56] local.INFO: Index produits by Enza  
[2024-04-29 08:55:57] local.INFO: Show étagère by Enza  
[2024-04-29 08:55:59] local.INFO: Show étagère by Enza  
[2024-04-29 08:56:00] local.INFO: Index produits by Enza  
[2024-04-29 08:56:01] local.INFO: Index étagerès by Enza  
[2024-04-29 08:56:05] local.INFO: Index Entrepots by Enza  
[2024-04-29 08:56:06] local.INFO: Index Camions by Enza  
[2024-04-29 08:56:06] local.INFO: Index étagerès by Enza  
[2024-04-29 08:57:35] local.INFO: Index Activite by Enzo  
[2024-04-29 08:57:43] local.INFO: Index Activite by Enzo  
[2024-04-29 08:57:47] local.INFO: Index Activite by Enzo  
[2024-04-29 08:57:50] local.INFO: Index Activite by Enzo  
[2024-04-29 08:57:55] local.INFO: Index Activite by Enzo  
[2024-04-29 08:57:57] local.INFO: Index Activite by Enzo  
[2024-04-29 08:58:47] local.INFO: Index Activite by Enzo  
[2024-04-29 08:58:52] local.INFO: Index Activite by Enzo  
[2024-04-29 09:03:21] local.INFO: Show user by: Enzo  
[2024-04-29 09:03:24] local.INFO: Index event by Enzo  
[2024-04-29 09:03:46] local.INFO: Show user by: Enzo  
[2024-04-29 09:04:49] local.INFO: Show user by: Enzo  
[2024-04-29 09:07:04] local.INFO: Show user by: Enzo  
